<?xml version="1.0" encoding="UTF-8"?>
<!-- Generated by org.testng.reporters.JUnitXMLReporter -->
<testsuite ignored="0" hostname="inbl01lap04326" failures="0" tests="4" name="Test" time="22.247" errors="0" timestamp="2021-06-08T19:35:20 IST">
  <testcase classname="com.learning.testCases.VerifyAddPlaceAPITest" name="addingPlaceUsingJsonFile" time="5.426"/>
  <testcase classname="com.learning.testCases.VerifyGetPlaceAPITest" name="getplaceWithValidPlaceID" time="5.906"/>
  <testcase classname="com.learning.testCases.VerifyDeletePlaceAPI" name="deltePlaceWithValidPlaceID" time="3.188"/>
  <testcase classname="com.learning.testCases.VerifyUpdatePlaceAPI" name="updatePlaceWithValidPlaceID" time="7.684"/>
</testsuite> <!-- Test -->
