<?xml version="1.0" encoding="UTF-8"?>
<!-- Generated by org.testng.reporters.JUnitXMLReporter -->
<testsuite ignored="0" hostname="inbl01lap04326" failures="0" tests="4" name="Test" time="22.105" errors="0" timestamp="2021-06-08T19:54:03 IST">
  <testcase classname="com.learning.testCases.VerifyAddPlaceAPITest" name="addingPlaceUsingJsonFile" time="5.551"/>
  <testcase classname="com.learning.testCases.VerifyGetPlaceAPITest" name="getplaceWithValidPlaceID" time="5.319"/>
  <testcase classname="com.learning.testCases.VerifyDeletePlaceAPI" name="deltePlaceWithValidPlaceID" time="3.196"/>
  <testcase classname="com.learning.testCases.VerifyUpdatePlaceAPI" name="updatePlaceWithValidPlaceID" time="7.993"/>
</testsuite> <!-- Test -->
